This file contains any messages produced by compilers while
running configure, to aid debugging if configure makes a mistake.

It was created by smalt configure 0.7.6, which was
generated by GNU Autoconf 2.68.  Invocation command line was

  $ ./configure 

## --------- ##
## Platform. ##
## --------- ##

hostname = mib106884i
uname -m = x86_64
uname -r = 15.2.0
uname -s = Darwin
uname -v = Darwin Kernel Version 15.2.0: Fri Nov 13 19:56:56 PST 2015; root:xnu-3248.20.55~2/RELEASE_X86_64

/usr/bin/uname -p = i386
/bin/uname -X     = unknown

/bin/arch              = unknown
/usr/bin/arch -k       = unknown
/usr/convex/getsysinfo = unknown
/usr/bin/hostinfo      = Mach kernel version:
	 Darwin Kernel Version 15.2.0: Fri Nov 13 19:56:56 PST 2015; root:xnu-3248.20.55~2/RELEASE_X86_64
Kernel configured for up to 4 processors.
2 processors are physically available.
4 processors are logically available.
Processor type: x86_64h (Intel x86-64h Haswell)
Processors active: 0 1 2 3
Primary memory available: 16.00 gigabytes
Default processor set: 303 tasks, 1570 threads, 4 processors
Load average: 1.41, Mach factor: 2.58
/bin/machine           = unknown
/usr/bin/oslevel       = unknown
/bin/universe          = unknown

PATH: /usr/local/bin
PATH: /usr/bin
PATH: /bin
PATH: /usr/sbin
PATH: /sbin
PATH: /opt/X11/bin
PATH: /usr/local/munki
PATH: /usr/texbin
PATH: /Applications/paup4b10-x86-macosx
PATH: /Users/sw10/Dropbox/Sanger/scripts/ruby
PATH: /Users/sw10/Dropbox/Sanger/scripts/python
PATH: /Users/sw10/Dropbox/Sanger/scripts/shell/
PATH: /Applications/BEAST 1.8.2/bin/
PATH: /Users/sw10/Applications/apache-ant-1.9.4/bin/
PATH: /applications/ncbi-blast-2.2.29+/bin/
PATH: /Applications/iqtree-omp-1.3.5-MacOSX/bin/


## ----------- ##
## Core tests. ##
## ----------- ##

configure:2231: checking for a BSD-compatible install
configure:2299: result: /usr/bin/install -c
configure:2310: checking whether build environment is sane
configure:2360: result: yes
configure:2501: checking for a thread-safe mkdir -p
configure:2540: result: ./install-sh -c -d
configure:2553: checking for gawk
configure:2583: result: no
configure:2553: checking for mawk
configure:2583: result: no
configure:2553: checking for nawk
configure:2583: result: no
configure:2553: checking for awk
configure:2569: found /usr/bin/awk
configure:2580: result: awk
configure:2591: checking whether make sets $(MAKE)
configure:2613: result: yes
configure:2752: checking for icc
configure:2782: result: no
configure:2752: checking for gcc
configure:2768: found /usr/bin/gcc
configure:2779: result: gcc
configure:2810: checking for C compiler version
configure:2819: gcc --version >&5
Apple LLVM version 5.0 (clang-500.2.79) (based on LLVM 3.3svn)
Target: x86_64-apple-darwin15.2.0
Thread model: posix
Configured with: --prefix=/Applications/Xcode.app/Contents/Developer/usr --with-gxx-include-dir=/Applications/Xcode.app/Contents/Developer/Platforms/MacOSX.platform/Developer/SDKs/MacOSX10.9.sdk/usr/include/c++/4.2.1
configure:2830: $? = 0
configure:2819: gcc -v >&5
Configured with: --prefix=/Applications/Xcode.app/Contents/Developer/usr --with-gxx-include-dir=/Applications/Xcode.app/Contents/Developer/Platforms/MacOSX.platform/Developer/SDKs/MacOSX10.9.sdk/usr/include/c++/4.2.1
Apple LLVM version 5.0 (clang-500.2.79) (based on LLVM 3.3svn)
Target: x86_64-apple-darwin15.2.0
Thread model: posix
configure:2830: $? = 0
configure:2819: gcc -V >&5
clang: error: argument to '-V' is missing (expected 1 value)
clang: error: no input files
configure:2830: $? = 1
configure:2819: gcc -qversion >&5
clang: error: no input files
configure:2830: $? = 1
configure:2850: checking whether the C compiler works
configure:2872: gcc    conftest.c  >&5
configure:2876: $? = 0
configure:2924: result: yes
configure:2927: checking for C compiler default output file name
configure:2929: result: a.out
configure:2935: checking for suffix of executables
configure:2942: gcc -o conftest    conftest.c  >&5
configure:2946: $? = 0
configure:2968: result: 
configure:2990: checking whether we are cross compiling
configure:2998: gcc -o conftest    conftest.c  >&5
configure:3002: $? = 0
configure:3009: ./conftest
configure:3013: $? = 0
configure:3028: result: no
configure:3033: checking for suffix of object files
configure:3055: gcc -c   conftest.c >&5
configure:3059: $? = 0
configure:3080: result: o
configure:3084: checking whether we are using the GNU C compiler
configure:3103: gcc -c   conftest.c >&5
configure:3103: $? = 0
configure:3112: result: yes
configure:3121: checking whether gcc accepts -g
configure:3141: gcc -c -g  conftest.c >&5
configure:3141: $? = 0
configure:3182: result: yes
configure:3199: checking for gcc option to accept ISO C89
configure:3263: gcc  -c -g -O2  conftest.c >&5
configure:3263: $? = 0
configure:3276: result: none needed
configure:3307: checking for style of include used by make
configure:3335: result: GNU
configure:3360: checking dependency style of gcc
configure:3470: result: gcc3
configure:3552: checking for pkg-config
configure:3585: result: no
configure:3669: checking for ranlib
configure:3685: found /usr/bin/ranlib
configure:3696: result: ranlib
configure:3749: checking for a Python interpreter with version >= 2.6
configure:3766: python -c import sys # split strings by '.' and convert to numeric. Append some zeros # because we need at least 4 digits for the hex conversion. # map returns an iterator in Python 3.0 and a list in 2.x minver = list(map(int, '2.6'.split('.'))) + [0, 0, 0] minverhex = 0 # xrange is not present in Python 3.0 and range returns an iterator for i in list(range(0, 4)): minverhex = (minverhex << 8) + minver[i] sys.exit(sys.hexversion < minverhex)
configure:3769: $? = 0
configure:3775: result: python
configure:3783: checking for python
configure:3801: found /usr/bin/python
configure:3813: result: /usr/bin/python
configure:3833: checking for python version
configure:3840: result: 2.7
configure:3852: checking for python platform
configure:3859: result: darwin
configure:3866: checking for python script directory
configure:3895: result: ${prefix}/lib/python2.7/site-packages
configure:3904: checking for python extension module directory
configure:3933: result: ${exec_prefix}/lib/python2.7/site-packages
configure:3952: checking for samtools
configure:3982: result: no
configure:4015: checking for sam_open in -lbam
configure:4040: gcc -o conftest -g -O2   conftest.c -lbam -lz  >&5
ld: library not found for -lbam
clang: error: linker command failed with exit code 1 (use -v to see invocation)
configure:4040: $? = 1
configure: failed program was:
| /* confdefs.h */
| #define PACKAGE_NAME "smalt"
| #define PACKAGE_TARNAME "smalt"
| #define PACKAGE_VERSION "0.7.6"
| #define PACKAGE_STRING "smalt 0.7.6"
| #define PACKAGE_BUGREPORT "hp3@sanger.ac.uk"
| #define PACKAGE_URL "http://smalt.sourceforge.net"
| #define PACKAGE "smalt"
| #define VERSION "0.7.6"
| /* end confdefs.h.  */
| 
| /* Override any GCC internal prototype to avoid an error.
|    Use char because int might match the return type of a GCC
|    builtin and then its argument prototype would still apply.  */
| #ifdef __cplusplus
| extern "C"
| #endif
| char sam_open ();
| int
| main ()
| {
| return sam_open ();
|   ;
|   return 0;
| }
configure:4049: result: no
configure:4141: checking for BAMBAMC
configure:4216: result: no
configure:4231: WARNING: library not found
configure:4275: checking for gzread in -lz
configure:4300: gcc -o conftest -g -O2   conftest.c -lz   >&5
configure:4300: $? = 0
configure:4309: result: yes
configure:4340: checking how to run the C preprocessor
configure:4371: gcc -E  conftest.c
configure:4371: $? = 0
configure:4385: gcc -E  conftest.c
conftest.c:12:10: fatal error: 'ac_nonexistent.h' file not found
#include <ac_nonexistent.h>
         ^
1 error generated.
configure:4385: $? = 1
configure: failed program was:
| /* confdefs.h */
| #define PACKAGE_NAME "smalt"
| #define PACKAGE_TARNAME "smalt"
| #define PACKAGE_VERSION "0.7.6"
| #define PACKAGE_STRING "smalt 0.7.6"
| #define PACKAGE_BUGREPORT "hp3@sanger.ac.uk"
| #define PACKAGE_URL "http://smalt.sourceforge.net"
| #define PACKAGE "smalt"
| #define VERSION "0.7.6"
| #define HAVE_ZLIB 1
| /* end confdefs.h.  */
| #include <ac_nonexistent.h>
configure:4410: result: gcc -E
configure:4430: gcc -E  conftest.c
configure:4430: $? = 0
configure:4444: gcc -E  conftest.c
conftest.c:12:10: fatal error: 'ac_nonexistent.h' file not found
#include <ac_nonexistent.h>
         ^
1 error generated.
configure:4444: $? = 1
configure: failed program was:
| /* confdefs.h */
| #define PACKAGE_NAME "smalt"
| #define PACKAGE_TARNAME "smalt"
| #define PACKAGE_VERSION "0.7.6"
| #define PACKAGE_STRING "smalt 0.7.6"
| #define PACKAGE_BUGREPORT "hp3@sanger.ac.uk"
| #define PACKAGE_URL "http://smalt.sourceforge.net"
| #define PACKAGE "smalt"
| #define VERSION "0.7.6"
| #define HAVE_ZLIB 1
| /* end confdefs.h.  */
| #include <ac_nonexistent.h>
configure:4473: checking for grep that handles long lines and -e
configure:4531: result: /usr/bin/grep
configure:4536: checking for egrep
configure:4598: result: /usr/bin/grep -E
configure:4603: checking for ANSI C header files
configure:4623: gcc -c -g -O2  conftest.c >&5
configure:4623: $? = 0
configure:4696: gcc -o conftest -g -O2   conftest.c  >&5
configure:4696: $? = 0
configure:4696: ./conftest
configure:4696: $? = 0
configure:4707: result: yes
configure:4722: checking for sys/types.h
configure:4722: gcc -c -g -O2  conftest.c >&5
configure:4722: $? = 0
configure:4722: result: yes
configure:4722: checking for sys/stat.h
configure:4722: gcc -c -g -O2  conftest.c >&5
configure:4722: $? = 0
configure:4722: result: yes
configure:4722: checking for stdlib.h
configure:4722: gcc -c -g -O2  conftest.c >&5
configure:4722: $? = 0
configure:4722: result: yes
configure:4722: checking for string.h
configure:4722: gcc -c -g -O2  conftest.c >&5
configure:4722: $? = 0
configure:4722: result: yes
configure:4722: checking for memory.h
configure:4722: gcc -c -g -O2  conftest.c >&5
configure:4722: $? = 0
configure:4722: result: yes
configure:4722: checking for strings.h
configure:4722: gcc -c -g -O2  conftest.c >&5
configure:4722: $? = 0
configure:4722: result: yes
configure:4722: checking for inttypes.h
configure:4722: gcc -c -g -O2  conftest.c >&5
configure:4722: $? = 0
configure:4722: result: yes
configure:4722: checking for stdint.h
configure:4722: gcc -c -g -O2  conftest.c >&5
configure:4722: $? = 0
configure:4722: result: yes
configure:4722: checking for unistd.h
configure:4722: gcc -c -g -O2  conftest.c >&5
configure:4722: $? = 0
configure:4722: result: yes
configure:4737: checking math.h usability
configure:4737: gcc -c -g -O2  conftest.c >&5
configure:4737: $? = 0
configure:4737: result: yes
configure:4737: checking math.h presence
configure:4737: gcc -E  conftest.c
configure:4737: $? = 0
configure:4737: result: yes
configure:4737: checking for math.h
configure:4737: result: yes
configure:4737: checking pthread.h usability
configure:4737: gcc -c -g -O2  conftest.c >&5
configure:4737: $? = 0
configure:4737: result: yes
configure:4737: checking pthread.h presence
configure:4737: gcc -E  conftest.c
configure:4737: $? = 0
configure:4737: result: yes
configure:4737: checking for pthread.h
configure:4737: result: yes
configure:4737: checking semaphore.h usability
configure:4737: gcc -c -g -O2  conftest.c >&5
configure:4737: $? = 0
configure:4737: result: yes
configure:4737: checking semaphore.h presence
configure:4737: gcc -E  conftest.c
configure:4737: $? = 0
configure:4737: result: yes
configure:4737: checking for semaphore.h
configure:4737: result: yes
configure:4737: checking float.h usability
configure:4737: gcc -c -g -O2  conftest.c >&5
configure:4737: $? = 0
configure:4737: result: yes
configure:4737: checking float.h presence
configure:4737: gcc -E  conftest.c
configure:4737: $? = 0
configure:4737: result: yes
configure:4737: checking for float.h
configure:4737: result: yes
configure:4737: checking stddef.h usability
configure:4737: gcc -c -g -O2  conftest.c >&5
configure:4737: $? = 0
configure:4737: result: yes
configure:4737: checking stddef.h presence
configure:4737: gcc -E  conftest.c
configure:4737: $? = 0
configure:4737: result: yes
configure:4737: checking for stddef.h
configure:4737: result: yes
configure:4737: checking for stdint.h
configure:4737: result: yes
configure:4750: checking zlib.h usability
configure:4750: gcc -c -g -O2  conftest.c >&5
configure:4750: $? = 0
configure:4750: result: yes
configure:4750: checking zlib.h presence
configure:4750: gcc -E  conftest.c
configure:4750: $? = 0
configure:4750: result: yes
configure:4750: checking for zlib.h
configure:4750: result: yes
configure:4763: checking limits.h usability
configure:4763: gcc -c -g -O2  conftest.c >&5
configure:4763: $? = 0
configure:4763: result: yes
configure:4763: checking limits.h presence
configure:4763: gcc -E  conftest.c
configure:4763: $? = 0
configure:4763: result: yes
configure:4763: checking for limits.h
configure:4763: result: yes
configure:4801: checking emmintrin.h usability
configure:4801: gcc -c -g -O2  conftest.c >&5
configure:4801: $? = 0
configure:4801: result: yes
configure:4801: checking emmintrin.h presence
configure:4801: gcc -E  conftest.c
configure:4801: $? = 0
configure:4801: result: yes
configure:4801: checking for emmintrin.h
configure:4801: result: yes
configure:4821: checking build system type
configure:4835: result: x86_64-apple-darwin15.2.0
configure:4855: checking host system type
configure:4868: result: x86_64-apple-darwin15.2.0
configure:4905: "compiling on darwin for x86_64 ..."
configure:5019: checking for an ANSI C-conforming const
configure:5084: gcc -c -g -O2  conftest.c >&5
configure:5084: $? = 0
configure:5091: result: yes
configure:5099: checking for inline
configure:5115: gcc -c -g -O2  conftest.c >&5
configure:5115: $? = 0
configure:5123: result: inline
configure:5141: checking for size_t
configure:5141: gcc -c -g -O2  conftest.c >&5
configure:5141: $? = 0
configure:5141: gcc -c -g -O2  conftest.c >&5
conftest.c:66:21: error: expected expression
if (sizeof ((size_t)))
                    ^
1 error generated.
configure:5141: $? = 1
configure: failed program was:
| /* confdefs.h */
| #define PACKAGE_NAME "smalt"
| #define PACKAGE_TARNAME "smalt"
| #define PACKAGE_VERSION "0.7.6"
| #define PACKAGE_STRING "smalt 0.7.6"
| #define PACKAGE_BUGREPORT "hp3@sanger.ac.uk"
| #define PACKAGE_URL "http://smalt.sourceforge.net"
| #define PACKAGE "smalt"
| #define VERSION "0.7.6"
| #define HAVE_ZLIB 1
| #define STDC_HEADERS 1
| #define HAVE_SYS_TYPES_H 1
| #define HAVE_SYS_STAT_H 1
| #define HAVE_STDLIB_H 1
| #define HAVE_STRING_H 1
| #define HAVE_MEMORY_H 1
| #define HAVE_STRINGS_H 1
| #define HAVE_INTTYPES_H 1
| #define HAVE_STDINT_H 1
| #define HAVE_UNISTD_H 1
| #define HAVE_MATH_H 1
| #define HAVE_PTHREAD_H 1
| #define HAVE_SEMAPHORE_H 1
| #define HAVE_FLOAT_H 1
| #define HAVE_STDDEF_H 1
| #define HAVE_STDINT_H 1
| #define HAVE_ZLIB_H 1
| #define HAVE_EMMINTRIN_H 1
| /* end confdefs.h.  */
| #include <stdio.h>
| #ifdef HAVE_SYS_TYPES_H
| # include <sys/types.h>
| #endif
| #ifdef HAVE_SYS_STAT_H
| # include <sys/stat.h>
| #endif
| #ifdef STDC_HEADERS
| # include <stdlib.h>
| # include <stddef.h>
| #else
| # ifdef HAVE_STDLIB_H
| #  include <stdlib.h>
| # endif
| #endif
| #ifdef HAVE_STRING_H
| # if !defined STDC_HEADERS && defined HAVE_MEMORY_H
| #  include <memory.h>
| # endif
| # include <string.h>
| #endif
| #ifdef HAVE_STRINGS_H
| # include <strings.h>
| #endif
| #ifdef HAVE_INTTYPES_H
| # include <inttypes.h>
| #endif
| #ifdef HAVE_STDINT_H
| # include <stdint.h>
| #endif
| #ifdef HAVE_UNISTD_H
| # include <unistd.h>
| #endif
| int
| main ()
| {
| if (sizeof ((size_t)))
| 	    return 0;
|   ;
|   return 0;
| }
configure:5141: result: yes
configure:5341: creating ./config.status

## ---------------------- ##
## Running config.status. ##
## ---------------------- ##

This file was extended by smalt config.status 0.7.6, which was
generated by GNU Autoconf 2.68.  Invocation command line was

  CONFIG_FILES    = 
  CONFIG_HEADERS  = 
  CONFIG_LINKS    = 
  CONFIG_COMMANDS = 
  $ ./config.status 

on mib106884i

config.status:927: creating Makefile
config.status:927: creating src/Makefile
config.status:927: creating test/Makefile
config.status:927: creating test/data/Makefile
config.status:927: creating misc/Makefile
config.status:927: creating config.h
config.status:1156: executing depfiles commands

## ---------------- ##
## Cache variables. ##
## ---------------- ##

ac_cv_build=x86_64-apple-darwin15.2.0
ac_cv_c_compiler_gnu=yes
ac_cv_c_const=yes
ac_cv_c_inline=inline
ac_cv_env_BAMBAMC_CFLAGS_set=
ac_cv_env_BAMBAMC_CFLAGS_value=
ac_cv_env_BAMBAMC_LIBS_set=
ac_cv_env_BAMBAMC_LIBS_value=
ac_cv_env_CC_set=
ac_cv_env_CC_value=
ac_cv_env_CFLAGS_set=
ac_cv_env_CFLAGS_value=
ac_cv_env_CPPFLAGS_set=
ac_cv_env_CPPFLAGS_value=
ac_cv_env_CPP_set=
ac_cv_env_CPP_value=
ac_cv_env_LDFLAGS_set=
ac_cv_env_LDFLAGS_value=
ac_cv_env_LIBS_set=
ac_cv_env_LIBS_value=
ac_cv_env_PKG_CONFIG_LIBDIR_set=
ac_cv_env_PKG_CONFIG_LIBDIR_value=
ac_cv_env_PKG_CONFIG_PATH_set=
ac_cv_env_PKG_CONFIG_PATH_value=
ac_cv_env_PKG_CONFIG_set=
ac_cv_env_PKG_CONFIG_value=
ac_cv_env_build_alias_set=
ac_cv_env_build_alias_value=
ac_cv_env_host_alias_set=
ac_cv_env_host_alias_value=
ac_cv_env_target_alias_set=
ac_cv_env_target_alias_value=
ac_cv_header_emmintrin_h=yes
ac_cv_header_float_h=yes
ac_cv_header_inttypes_h=yes
ac_cv_header_limits_h=yes
ac_cv_header_math_h=yes
ac_cv_header_memory_h=yes
ac_cv_header_pthread_h=yes
ac_cv_header_semaphore_h=yes
ac_cv_header_stdc=yes
ac_cv_header_stddef_h=yes
ac_cv_header_stdint_h=yes
ac_cv_header_stdlib_h=yes
ac_cv_header_string_h=yes
ac_cv_header_strings_h=yes
ac_cv_header_sys_stat_h=yes
ac_cv_header_sys_types_h=yes
ac_cv_header_unistd_h=yes
ac_cv_header_zlib_h=yes
ac_cv_host=x86_64-apple-darwin15.2.0
ac_cv_lib_bam_sam_open=no
ac_cv_lib_z_gzread=yes
ac_cv_objext=o
ac_cv_path_EGREP='/usr/bin/grep -E'
ac_cv_path_GREP=/usr/bin/grep
ac_cv_path_PYTHON=/usr/bin/python
ac_cv_path_install='/usr/bin/install -c'
ac_cv_prog_AWK=awk
ac_cv_prog_CPP='gcc -E'
ac_cv_prog_ac_ct_CC=gcc
ac_cv_prog_ac_ct_RANLIB=ranlib
ac_cv_prog_cc_c89=
ac_cv_prog_cc_g=yes
ac_cv_prog_make_make_set=yes
ac_cv_type_size_t=yes
am_cv_CC_dependencies_compiler_type=gcc3
am_cv_pathless_PYTHON=python
am_cv_python_platform=darwin
am_cv_python_pyexecdir='${exec_prefix}/lib/python2.7/site-packages'
am_cv_python_pythondir='${prefix}/lib/python2.7/site-packages'
am_cv_python_version=2.7

## ----------------- ##
## Output variables. ##
## ----------------- ##

ACLOCAL='${SHELL} /Users/sw10/Downloads/smalt-0.7.6/missing --run aclocal-1.11'
AMDEPBACKSLASH='\'
AMDEP_FALSE='#'
AMDEP_TRUE=''
AMTAR='${SHELL} /Users/sw10/Downloads/smalt-0.7.6/missing --run tar'
APPLE_64BIT_FALSE='#'
APPLE_64BIT_TRUE=''
AUTOCONF='${SHELL} /Users/sw10/Downloads/smalt-0.7.6/missing --run autoconf'
AUTOHEADER='${SHELL} /Users/sw10/Downloads/smalt-0.7.6/missing --run autoheader'
AUTOMAKE='${SHELL} /Users/sw10/Downloads/smalt-0.7.6/missing --run automake-1.11'
AWK='awk'
BAMBAMC_CFLAGS=''
BAMBAMC_DEPS=''
BAMBAMC_INCL=''
BAMBAMC_LDFLG=''
BAMBAMC_LIBS=''
CC='gcc'
CCDEPMODE='depmode=gcc3'
CFLAGS='-g -O2'
CPP='gcc -E'
CPPFLAGS=''
CYGPATH_W='echo'
DEFS='-DHAVE_CONFIG_H'
DEPDIR='.deps'
ECHO_C='\c'
ECHO_N=''
ECHO_T=''
EGREP='/usr/bin/grep -E'
EXEEXT=''
GREP='/usr/bin/grep'
ICC_COMPILER_FALSE=''
ICC_COMPILER_TRUE='#'
ICC_MMIC_FALSE=''
ICC_MMIC_TRUE='#'
ICC_NOLIMITH_FALSE=''
ICC_NOLIMITH_TRUE='#'
INSTALL_DATA='${INSTALL} -m 644'
INSTALL_PROGRAM='${INSTALL}'
INSTALL_SCRIPT='${INSTALL}'
INSTALL_STRIP_PROGRAM='$(install_sh) -c -s'
LDFLAGS=''
LIBOBJS=''
LIBS=''
LTLIBOBJS=''
MAKEINFO='${SHELL} /Users/sw10/Downloads/smalt-0.7.6/missing --run makeinfo'
MKDIR_P='./install-sh -c -d'
OBJEXT='o'
PACKAGE='smalt'
PACKAGE_BUGREPORT='hp3@sanger.ac.uk'
PACKAGE_NAME='smalt'
PACKAGE_STRING='smalt 0.7.6'
PACKAGE_TARNAME='smalt'
PACKAGE_URL='http://smalt.sourceforge.net'
PACKAGE_VERSION='0.7.6'
PATH_SEPARATOR=':'
PKG_CONFIG=''
PKG_CONFIG_LIBDIR=''
PKG_CONFIG_PATH=''
PYTHON='/usr/bin/python'
PYTHON_EXEC_PREFIX='${exec_prefix}'
PYTHON_PLATFORM='darwin'
PYTHON_PREFIX='${prefix}'
PYTHON_VERSION='2.7'
RANLIB='ranlib'
SAMTOOLS_CFLAGS=''
SAMTOOLS_DEPS=''
SAMTOOLS_LDFLAGS=''
SET_MAKE=''
SHELL='/bin/sh'
SSE2_FALSE='#'
SSE2_TRUE=''
STRIP=''
VERSION='0.7.6'
WITH_BAMBAMC_FALSE=''
WITH_BAMBAMC_TRUE='#'
WITH_SAMTOOLS_EXEC_FALSE=''
WITH_SAMTOOLS_EXEC_TRUE='#'
WITH_SAMTOOLS_FALSE=''
WITH_SAMTOOLS_TRUE='#'
WITH_SIMD_FALSE='#'
WITH_SIMD_TRUE=''
WITH_TESTALL_FALSE=''
WITH_TESTALL_TRUE='#'
WITH_TESTDRIVER_FALSE='#'
WITH_TESTDRIVER_TRUE=''
WITH_ZLIB_FALSE='#'
WITH_ZLIB_TRUE=''
ac_ct_CC='gcc'
am__EXEEXT_FALSE=''
am__EXEEXT_TRUE='#'
am__fastdepCC_FALSE='#'
am__fastdepCC_TRUE=''
am__include='include'
am__isrc=''
am__leading_dot='.'
am__quote=''
am__tar='${AMTAR} chof - "$$tardir"'
am__untar='${AMTAR} xf -'
bindir='${exec_prefix}/bin'
build='x86_64-apple-darwin15.2.0'
build_alias=''
build_cpu='x86_64'
build_os='darwin15.2.0'
build_vendor='apple'
datadir='${datarootdir}'
datarootdir='${prefix}/share'
docdir='${datarootdir}/doc/${PACKAGE_TARNAME}'
dvidir='${docdir}'
exec_prefix='${prefix}'
host='x86_64-apple-darwin15.2.0'
host_alias=''
host_cpu='x86_64'
host_os='darwin15.2.0'
host_vendor='apple'
htmldir='${docdir}'
includedir='${prefix}/include'
infodir='${datarootdir}/info'
install_sh='${SHELL} /Users/sw10/Downloads/smalt-0.7.6/install-sh'
libdir='${exec_prefix}/lib'
libexecdir='${exec_prefix}/libexec'
localedir='${datarootdir}/locale'
localstatedir='${prefix}/var'
mandir='${datarootdir}/man'
mkdir_p='$(top_builddir)/./install-sh -c -d'
oldincludedir='/usr/include'
pdfdir='${docdir}'
pkgpyexecdir='${pyexecdir}/smalt'
pkgpythondir='${pythondir}/smalt'
prefix='/usr/local'
program_transform_name='s,x,x,'
psdir='${docdir}'
pyexecdir='${exec_prefix}/lib/python2.7/site-packages'
pythondir='${prefix}/lib/python2.7/site-packages'
samtoolsexec=''
sbindir='${exec_prefix}/sbin'
sharedstatedir='${prefix}/com'
sysconfdir='${prefix}/etc'
target_alias=''

## ----------- ##
## confdefs.h. ##
## ----------- ##

/* confdefs.h */
#define PACKAGE_NAME "smalt"
#define PACKAGE_TARNAME "smalt"
#define PACKAGE_VERSION "0.7.6"
#define PACKAGE_STRING "smalt 0.7.6"
#define PACKAGE_BUGREPORT "hp3@sanger.ac.uk"
#define PACKAGE_URL "http://smalt.sourceforge.net"
#define PACKAGE "smalt"
#define VERSION "0.7.6"
#define HAVE_ZLIB 1
#define STDC_HEADERS 1
#define HAVE_SYS_TYPES_H 1
#define HAVE_SYS_STAT_H 1
#define HAVE_STDLIB_H 1
#define HAVE_STRING_H 1
#define HAVE_MEMORY_H 1
#define HAVE_STRINGS_H 1
#define HAVE_INTTYPES_H 1
#define HAVE_STDINT_H 1
#define HAVE_UNISTD_H 1
#define HAVE_MATH_H 1
#define HAVE_PTHREAD_H 1
#define HAVE_SEMAPHORE_H 1
#define HAVE_FLOAT_H 1
#define HAVE_STDDEF_H 1
#define HAVE_STDINT_H 1
#define HAVE_ZLIB_H 1
#define HAVE_EMMINTRIN_H 1

configure: exit 0

## ---------------------- ##
## Running config.status. ##
## ---------------------- ##

This file was extended by smalt config.status 0.7.6, which was
generated by GNU Autoconf 2.68.  Invocation command line was

  CONFIG_FILES    = 
  CONFIG_HEADERS  = 
  CONFIG_LINKS    = 
  CONFIG_COMMANDS = 
  $ ./config.status src/Makefile depfiles

on mib106884i

config.status:927: creating src/Makefile
config.status:1156: executing depfiles commands

## ---------------------- ##
## Running config.status. ##
## ---------------------- ##

This file was extended by smalt config.status 0.7.6, which was
generated by GNU Autoconf 2.68.  Invocation command line was

  CONFIG_FILES    = 
  CONFIG_HEADERS  = 
  CONFIG_LINKS    = 
  CONFIG_COMMANDS = 
  $ ./config.status test/Makefile depfiles

on mib106884i

config.status:927: creating test/Makefile
config.status:1156: executing depfiles commands

## ---------------------- ##
## Running config.status. ##
## ---------------------- ##

This file was extended by smalt config.status 0.7.6, which was
generated by GNU Autoconf 2.68.  Invocation command line was

  CONFIG_FILES    = 
  CONFIG_HEADERS  = 
  CONFIG_LINKS    = 
  CONFIG_COMMANDS = 
  $ ./config.status misc/Makefile depfiles

on mib106884i

config.status:927: creating misc/Makefile
config.status:1156: executing depfiles commands

## ---------------------- ##
## Running config.status. ##
## ---------------------- ##

This file was extended by smalt config.status 0.7.6, which was
generated by GNU Autoconf 2.68.  Invocation command line was

  CONFIG_FILES    = 
  CONFIG_HEADERS  = 
  CONFIG_LINKS    = 
  CONFIG_COMMANDS = 
  $ ./config.status Makefile

on mib106884i

config.status:927: creating Makefile
